<?xml version="1.0" encoding="UTF-8"?>
<!-- Generated by org.testng.reporters.JUnitReportReporter -->
<testsuite skipped="1" hostname="K2A4769" name="com.Runner1.TestRunner" tests="1" failures="0" timestamp="06 Apr 2020 12:40:31 GMT" time="0.000" errors="0">
  <testcase name="feature" time="0.000" classname="com.Runner1.TestRunner">
    <skipped/>
  </testcase> <!-- feature -->
</testsuite> <!-- com.Runner1.TestRunner -->
