<?xml version="1.0" encoding="UTF-8"?>
<!-- Generated by org.testng.reporters.JUnitReportReporter -->
<testsuite skipped="0" hostname="K2A4769" name="com.Runner1.TestRunner" tests="1" failures="0" timestamp="03 Feb 2020 22:10:01 GMT" time="12.633" errors="0">
  <testcase name="feature" time="12.633" classname="com.Runner1.TestRunner"/>
</testsuite> <!-- com.Runner1.TestRunner -->
