<?xml version="1.0" encoding="UTF-8"?>
<!-- Generated by org.testng.reporters.JUnitReportReporter -->
<testsuite skipped="0" hostname="K2A4769" name="com.Runner1.TestRunner" tests="1" failures="0" timestamp="06 Apr 2020 12:42:54 GMT" time="13.167" errors="0">
  <testcase name="feature" time="13.167" classname="com.Runner1.TestRunner"/>
</testsuite> <!-- com.Runner1.TestRunner -->
